<?xml version="1.0" encoding="UTF-8"?>
<testng-results ignored="0" total="1" passed="1" failed="0" skipped="0">
  <reporter-output>
  </reporter-output>
  <suite started-at="2021-02-27T16:23:30 IST" name="Default suite" finished-at="2021-02-27T16:23:46 IST" duration-ms="16198">
    <groups>
    </groups>
    <test started-at="2021-02-27T16:23:30 IST" name="Default test" finished-at="2021-02-27T16:23:46 IST" duration-ms="16198">
      <class name="tests.DashboardTest">
        <test-method is-config="true" signature="tearUp()[pri:0, instance:tests.DashboardTest@33990a0c]" started-at="2021-02-27T16:23:00 IST" name="tearUp" finished-at="2021-02-27T16:23:30 IST" duration-ms="29819" status="PASS">
          <reporter-output>
          </reporter-output>
        </test-method> <!-- tearUp -->
        <test-method signature="initialization()[pri:0, instance:tests.DashboardTest@33990a0c]" started-at="2021-02-27T16:23:30 IST" name="initialization" finished-at="2021-02-27T16:23:46 IST" duration-ms="16119" status="PASS">
          <reporter-output>
          </reporter-output>
        </test-method> <!-- initialization -->
        <test-method is-config="true" signature="tearDown()[pri:0, instance:tests.DashboardTest@33990a0c]" started-at="2021-02-27T16:23:46 IST" name="tearDown" finished-at="2021-02-27T16:23:46 IST" duration-ms="0" status="PASS">
          <reporter-output>
          </reporter-output>
        </test-method> <!-- tearDown -->
      </class> <!-- tests.DashboardTest -->
    </test> <!-- Default test -->
  </suite> <!-- Default suite -->
</testng-results>
