<?xml version="1.0" encoding="UTF-8"?>
<testng-results ignored="0" total="1" passed="1" failed="0" skipped="0">
  <reporter-output>
  </reporter-output>
  <suite started-at="2021-03-04T17:03:32 IST" name="Default suite" finished-at="2021-03-04T17:03:40 IST" duration-ms="7844">
    <groups>
    </groups>
    <test started-at="2021-03-04T17:03:32 IST" name="Default test" finished-at="2021-03-04T17:03:40 IST" duration-ms="7844">
      <class name="tests.LoginTest">
        <test-method is-config="true" signature="tearUp()[pri:0, instance:tests.LoginTest@33990a0c]" started-at="2021-03-04T17:03:18 IST" name="tearUp" finished-at="2021-03-04T17:03:32 IST" duration-ms="13498" status="PASS">
          <reporter-output>
          </reporter-output>
        </test-method> <!-- tearUp -->
        <test-method signature="loginPage()[pri:0, instance:tests.LoginTest@33990a0c]" started-at="2021-03-04T17:03:32 IST" name="loginPage" finished-at="2021-03-04T17:03:40 IST" duration-ms="7799" status="PASS">
          <reporter-output>
          </reporter-output>
        </test-method> <!-- loginPage -->
        <test-method is-config="true" signature="tearDown()[pri:0, instance:tests.LoginTest@33990a0c]" started-at="2021-03-04T17:03:40 IST" name="tearDown" finished-at="2021-03-04T17:03:40 IST" duration-ms="0" status="PASS">
          <reporter-output>
          </reporter-output>
        </test-method> <!-- tearDown -->
      </class> <!-- tests.LoginTest -->
    </test> <!-- Default test -->
  </suite> <!-- Default suite -->
</testng-results>
